proguard.cfg
-optimizationpasses 5
-dontusemixedcaseclassnames 
-dontskipnonpubliclibraryclasses
-dontpreverify
-verbose
-optimizations !code/simplification/arithmetic,!field/*,!class/merging/*

-keep public class * extends android.app.Activity
-keep public class * extends android.app.Application
-keep public class * extends android.app.Service
-keep public class * extends android.content.BroadcastReceiver
-keep public class * extends android.content.ContentProvider
-keep public class com.android.vending.licensing.ILicensingService

-keepclasseswithmembers class * {
    native <methods>;
}

-keepclasseswithmembers class * {
    public <init>(android.content.Context, android.util.AttributeSet);
}

-keepclasseswithmembers class * {
    public <init>(android.content.Context, android.util.AttributeSet, int);
}

-keepclassmembers enum * {
    public static **[] values();
    public static ** valueOf(java.lang.String);
}

-keep class * implements android.os.Parcelable {
  public static final android.os.Parcelable$Creator *;
}

-keep class com.fishstix.dosbox.** {
	void nativeInit();
	void nativeShutDown();
	void nativeSetOption(int, int);
	void nativeStart(android.graphics.Bitmap, int, int);
	void nativePause(int);
	void nativeStop();
	void nativeMouse(int, int, int, int, int, int);
	int nativeKey(int, int, int, int, int);
	void nativeJoystick(int, int, int, int);
	void callbackExit();
	void callbackVideoRedraw( int, int, int, int);
	android.graphics.Bitmap callbackVideoSetMode( int, int);
	int callbackAudioInit(int, int, int, int);
	short[] callbackAudioGetBuffer();
	java.nio.Buffer callbackVideoGetBuffer();
	void callbackAudioWriteBuffer(int);
}