proguard/seeds.txt
android.support.v4.app.BackStackState
android.support.v4.app.BackStackState: android.os.Parcelable$Creator CREATOR
android.support.v4.app.Fragment$SavedState
android.support.v4.app.Fragment$SavedState: android.os.Parcelable$Creator CREATOR
android.support.v4.app.FragmentActivity
android.support.v4.app.FragmentManagerState
android.support.v4.app.FragmentManagerState: android.os.Parcelable$Creator CREATOR
android.support.v4.app.FragmentState
android.support.v4.app.FragmentState: android.os.Parcelable$Creator CREATOR
android.support.v4.app.FragmentTabHost
android.support.v4.app.FragmentTabHost: FragmentTabHost(android.content.Context,android.util.AttributeSet)
android.support.v4.app.FragmentTabHost$SavedState
android.support.v4.app.FragmentTabHost$SavedState: android.os.Parcelable$Creator CREATOR
android.support.v4.content.ModernAsyncTask$Status: android.support.v4.content.ModernAsyncTask$Status[] values()
android.support.v4.content.ModernAsyncTask$Status: android.support.v4.content.ModernAsyncTask$Status valueOf(java.lang.String)
android.support.v4.view.PagerTabStrip
android.support.v4.view.PagerTabStrip: PagerTabStrip(android.content.Context,android.util.AttributeSet)
android.support.v4.view.PagerTitleStrip
android.support.v4.view.PagerTitleStrip: PagerTitleStrip(android.content.Context,android.util.AttributeSet)
android.support.v4.view.ViewPager
android.support.v4.view.ViewPager: ViewPager(android.content.Context,android.util.AttributeSet)
android.support.v4.view.ViewPager$LayoutParams
android.support.v4.view.ViewPager$LayoutParams: ViewPager$LayoutParams(android.content.Context,android.util.AttributeSet)
android.support.v4.view.ViewPager$SavedState
android.support.v4.view.ViewPager$SavedState: android.os.Parcelable$Creator CREATOR
com.fishstix.dosbox.DosBoxAudio
com.fishstix.dosbox.DosBoxControl
com.fishstix.dosbox.DosBoxControl: void nativeMouse(int,int,int,int,int,int)
com.fishstix.dosbox.DosBoxControl: int nativeKey(int,int,int,int,int)
com.fishstix.dosbox.DosBoxControl: void nativeJoystick(int,int,int,int)
com.fishstix.dosbox.DosBoxControl: void nativeMouseWarp(float,float,int,int,int,int)
com.fishstix.dosbox.DosBoxHelp
com.fishstix.dosbox.DosBoxHelp: DosBoxHelp()
com.fishstix.dosbox.DosBoxLauncher
com.fishstix.dosbox.DosBoxLauncher: DosBoxLauncher()
com.fishstix.dosbox.DosBoxLauncher: void nativeInit()
com.fishstix.dosbox.DosBoxLauncher: void nativeShutDown()
com.fishstix.dosbox.DosBoxLauncher: void nativeSetOption(int,int)
com.fishstix.dosbox.DosBoxLauncher: void nativeStart(android.graphics.Bitmap,int,int)
com.fishstix.dosbox.DosBoxLauncher: void nativePause(int)
com.fishstix.dosbox.DosBoxLauncher: void nativeStop()
com.fishstix.dosbox.DosBoxLauncher: void callbackExit()
com.fishstix.dosbox.DosBoxLauncher: void callbackVideoRedraw(int,int,int,int)
com.fishstix.dosbox.DosBoxLauncher: android.graphics.Bitmap callbackVideoSetMode(int,int)
com.fishstix.dosbox.DosBoxLauncher: java.nio.Buffer callbackVideoGetBuffer()
com.fishstix.dosbox.DosBoxLauncher: int callbackAudioInit(int,int,int,int)
com.fishstix.dosbox.DosBoxLauncher: void callbackAudioWriteBuffer(int)
com.fishstix.dosbox.DosBoxLauncher: short[] callbackAudioGetBuffer()
com.fishstix.dosbox.DosBoxLauncher$DosBoxThread
com.fishstix.dosbox.DosBoxMenuUtility
com.fishstix.dosbox.DosBoxMenuUtility$1
com.fishstix.dosbox.DosBoxPreferences
com.fishstix.dosbox.DosBoxPreferences: DosBoxPreferences()
com.fishstix.dosbox.DosBoxSurfaceView
com.fishstix.dosbox.DosBoxSurfaceView$1
com.fishstix.dosbox.DosBoxSurfaceView$DosBoxVideoThread
com.fishstix.dosbox.DosBoxSurfaceView$KeyHandler
com.fishstix.dosbox.DosBoxSurfaceView$MyGestureDetector
com.fishstix.dosbox.preference.SeekBarPreference
com.fishstix.dosbox.preference.SeekBarPreference: SeekBarPreference(android.content.Context,android.util.AttributeSet)
com.fishstix.dosbox.touchevent.CupcakeTouchEvent
com.fishstix.dosbox.touchevent.FroyoTouchEvent
com.fishstix.dosbox.touchevent.GingerbreadTouchEvent