proguard/mapping.txt
com.google.ads.doubleclick.DfpExtras -> com.google.ads.doubleclick.a:
    java.lang.String a -> a
    java.lang.String getPublisherProvidedId() -> a
    com.google.ads.mediation.admob.AdMobAdapterExtras clearExtras() -> b
com.google.ads.doubleclick.SwipeableDfpAdView -> com.google.ads.doubleclick.SwipeableDfpAdView:
com.google.ads.e -> com.google.ads.ba:
    com.google.ads.internal.d a -> a
    com.google.ads.h b -> b
    java.lang.Object c -> c
    java.lang.Thread d -> d
    java.lang.Object e -> e
    boolean f -> f
    java.lang.Object g -> g
    boolean a() -> a
    void a(com.google.ads.c,com.google.ads.AdRequest) -> a
    boolean d() -> b
    boolean a(java.lang.String,android.app.Activity,com.google.ads.AdRequest,com.google.ads.f,java.util.HashMap,long) -> a
    boolean e(com.google.ads.h) -> b
    void d(com.google.ads.h) -> a
    void a(com.google.ads.e,com.google.ads.c,com.google.ads.AdRequest) -> a
    java.lang.Object a(com.google.ads.e) -> a
    java.lang.Thread a$42ec7dd0(com.google.ads.e) -> b
    com.google.ads.internal.d b(com.google.ads.e) -> c
    boolean a(com.google.ads.e,com.google.ads.h) -> a
com.google.ads.e$1 -> com.google.ads.bb:
    com.google.ads.c a -> a
    com.google.ads.AdRequest b -> b
    com.google.ads.e c -> c
    void run() -> run
com.google.ads.e$7 -> com.google.ads.bc:
    com.google.ads.c a -> a
    com.google.ads.e b -> b
    void run() -> run
com.google.ads.e$8 -> com.google.ads.bd:
    com.google.ads.h a -> a
    android.view.View b -> b
    com.google.ads.f c -> c
    com.google.ads.e d -> d
    void run() -> run
com.google.ads.f -> com.google.ads.be:
    java.lang.String a -> a
    java.lang.String b -> b
    java.lang.String c -> c
    java.util.List d -> d
    java.util.List e -> e
    java.util.List f -> f
    java.lang.String a() -> a
    java.lang.String b() -> b
    java.lang.String c() -> c
    java.util.List d() -> d
com.google.ads.g -> com.google.ads.bf:
com.google.ads.g$a -> com.google.ads.bg:
    com.google.ads.g$a a -> a
    com.google.ads.g$a b -> b
    com.google.ads.g$a c -> c
    com.google.ads.g$a d -> d
    com.google.ads.g$a e -> e
    com.google.ads.g$a f -> f
    com.google.ads.g$a[] g -> g
    com.google.ads.g$a[] values() -> values
    com.google.ads.g$a valueOf(java.lang.String) -> valueOf
com.google.ads.h -> com.google.ads.bh:
    com.google.ads.internal.h a -> a
    com.google.ads.f b -> b
    boolean c -> c
    boolean d -> d
    com.google.ads.g$a e -> e
    com.google.ads.e f -> f
    com.google.ads.mediation.MediationAdapter g -> g
    boolean h -> h
    boolean i -> i
    android.view.View j -> j
    java.lang.String k -> k
    com.google.ads.AdRequest l -> l
    java.util.HashMap m -> m
    void a(android.app.Activity) -> a
    void b() -> a
    boolean c() -> b
    boolean d() -> c
    com.google.ads.g$a e() -> d
    android.view.View f() -> e
    java.lang.String h() -> f
    void a$3fda91(com.google.ads.g$a) -> a
    void a(com.google.ads.mediation.MediationAdapter) -> a
    void k() -> g
    boolean l() -> h
    com.google.ads.mediation.MediationAdapter a(com.google.ads.h) -> a
com.google.ads.h$1 -> com.google.ads.bi:
    com.google.ads.h a -> a
    void run() -> run
com.google.ads.i -> com.google.ads.bj:
    com.google.ads.h a -> a
    java.lang.String b -> b
    com.google.ads.AdRequest c -> c
    java.util.HashMap d -> d
    boolean e -> e
    java.lang.ref.WeakReference f -> f
    void run() -> run
    void a(java.lang.String,java.lang.Throwable,com.google.ads.g$a) -> a
com.google.ads.i$a -> com.google.ads.bk: