proguard/usage.txt
com.google.ads.h:
    116:116:public com.google.ads.f a()
    211:237:public synchronized void g()
    265:265:synchronized com.google.ads.mediation.MediationAdapter i()
    272:272:com.google.ads.e j()
    276:277:synchronized void a(android.view.View)
com.google.ads.h$2
com.google.ads.internal.c:
    644:664:protected void a()
com.google.ads.internal.d:
    343:354:public synchronized void b()
    549:549:public synchronized boolean s()
    718:721:public synchronized void a(com.google.ads.f,boolean)
    845:862:private void b(com.google.ads.f,java.lang.Boolean)
    942:954:public synchronized void z()
    1073:1100:public synchronized void B()
    1107:1116:public synchronized void C()
com.google.ads.j:
    private boolean b
    34:66:public void onReceivedAd(com.google.ads.mediation.MediationBannerAdapter)
    72:87:public void onFailedToReceiveAd(com.google.ads.mediation.MediationBannerAdapter,com.google.ads.AdRequest$ErrorCode)
    92:95:public void onPresentScreen(com.google.ads.mediation.MediationBannerAdapter)
    99:102:public void onDismissScreen(com.google.ads.mediation.MediationBannerAdapter)
    106:109:public void onLeaveApplication(com.google.ads.mediation.MediationBannerAdapter)
    113:117:public void onClick(com.google.ads.mediation.MediationBannerAdapter)
com.google.ads.k:
    29:40:public void onReceivedAd(com.google.ads.mediation.MediationInterstitialAdapter)
    45:61:public void onFailedToReceiveAd(com.google.ads.mediation.MediationInterstitialAdapter,com.google.ads.AdRequest$ErrorCode)
    66:69:public void onPresentScreen(com.google.ads.mediation.MediationInterstitialAdapter)
    74:77:public void onDismissScreen(com.google.ads.mediation.MediationInterstitialAdapter)
    81:84:public void onLeaveApplication(com.google.ads.mediation.MediationInterstitialAdapter)
com.google.ads.mediation.EmptyNetworkExtras
com.google.ads.mediation.MediationAdRequest:
    50:50:public com.google.ads.AdRequest$Gender getGender()
    57:57:public java.util.Date getBirthday()
    67:81:public java.lang.Integer getAgeInYears()
    88:92:public java.util.Set getKeywords()
    100:104:public android.location.Location getLocation()
    114:114:public boolean isTesting()
com.google.ads.mediation.MediationBannerAdapter:
    public abstract android.view.View getBannerView()
com.google.ads.mediation.MediationBannerListener:
    public abstract void onReceivedAd(com.google.ads.mediation.MediationBannerAdapter)
    public abstract void onFailedToReceiveAd(com.google.ads.mediation.MediationBannerAdapter,com.google.ads.AdRequest$ErrorCode)
    public abstract void onPresentScreen(com.google.ads.mediation.MediationBannerAdapter)
    public abstract void onDismissScreen(com.google.ads.mediation.MediationBannerAdapter)
    public abstract void onLeaveApplication(com.google.ads.mediation.MediationBannerAdapter)
    public abstract void onClick(com.google.ads.mediation.MediationBannerAdapter)
com.google.ads.mediation.MediationInterstitialAdapter:
    public abstract void showInterstitial()
com.google.ads.mediation.MediationInterstitialListener:
    public abstract void onReceivedAd(com.google.ads.mediation.MediationInterstitialAdapter)
    public abstract void onFailedToReceiveAd(com.google.ads.mediation.MediationInterstitialAdapter,com.google.ads.AdRequest$ErrorCode)
    public abstract void onPresentScreen(com.google.ads.mediation.MediationInterstitialAdapter)
    public abstract void onDismissScreen(com.google.ads.mediation.MediationInterstitialAdapter)
    public abstract void onLeaveApplication(com.google.ads.mediation.MediationInterstitialAdapter)
com.google.ads.mediation.admob.AdMobAdapter
com.google.ads.mediation.admob.AdMobAdapter$1
com.google.ads.mediation.admob.AdMobAdapter$a
com.google.ads.mediation.admob.AdMobAdapter$b